Arguments: 
  /usr/bin/node /usr/bin/yarn add tperscript chai mocha ts-node @types/chai @types/mocha --save-dev

PATH: 
  /home/joao/bin:/usr/local/bin:/home/joao/bin:/usr/local/bin:/home/joao/.zinit/polaris/bin:/home/joao/bin:/usr/local/bin:/home/joao/.local/bin:/usr/local/sbin:/usr/local/bin:/usr/sbin:/usr/bin:/sbin:/bin:/usr/games:/usr/local/games:/snap/bin:/home/joao/flutter/bin:/home/joao/android-studio/bin:/home/joao/sdks/flutter/bin:/home/joao/Documentos/dev/ReciboPDF:/home/joao/sdks/flutter/bin:/home/joao/Documentos/dev/ReciboPDF:/home/joao/sdks/flutter/bin:/home/joao/Documentos/dev/ReciboPDF

Yarn version: 
  1.22.10

Node version: 
  14.16.1

Platform: 
  linux x64

Trace: 
  Error: https://registry.yarnpkg.com/tperscript: Not found
      at Request.params.callback [as _callback] (/usr/lib/node_modules/yarn/lib/cli.js:66988:18)
      at Request.self.callback (/usr/lib/node_modules/yarn/lib/cli.js:140662:22)
      at Request.emit (events.js:315:20)
      at Request.<anonymous> (/usr/lib/node_modules/yarn/lib/cli.js:141634:10)
      at Request.emit (events.js:315:20)
      at IncomingMessage.<anonymous> (/usr/lib/node_modules/yarn/lib/cli.js:141556:12)
      at Object.onceWrapper (events.js:421:28)
      at IncomingMessage.emit (events.js:327:22)
      at endReadableNT (internal/streams/readable.js:1327:12)
      at processTicksAndRejections (internal/process/task_queues.js:80:21)

npm manifest: 
  {
      "name": "fasters-prova",
      "version": "1.0.0",
      "main": "index.js",
      "license": "MIT",
      "scripts": {
          "start": "node src/index.js"
      }
  }

yarn manifest: 
  No manifest

Lockfile: 
  # THIS IS AN AUTOGENERATED FILE. DO NOT EDIT THIS FILE DIRECTLY.
  # yarn lockfile v1
  
  
  typescript@^4.2.4:
    version "4.2.4"
    resolved "https://registry.yarnpkg.com/typescript/-/typescript-4.2.4.tgz#8610b59747de028fda898a8aef0e103f156d0961"
    integrity sha512-V+evlYHZnQkaz8TRBuxTA92yZBPotr5H+WhQ7bD3hZUndx5tGOa1fuCgeSjxAzM1RiN5IzvadIXTVefuuwZCRg==
